<?xml version="1.0" encoding="UTF-8"?>
<testsuite name="w07_junit.CalculatorTest" tests="11" skipped="0" failures="0" errors="0" timestamp="2020-04-07T05:44:20" hostname="LAPTOP-LIA44KKV" time="0.055">
  <properties/>
  <testcase name="getMaxValue" classname="w07_junit.CalculatorTest" time="0.001"/>
  <testcase name="appHasCorrectName" classname="w07_junit.CalculatorTest" time="0.0"/>
  <testcase name="shouldAnswerWithTrue" classname="w07_junit.CalculatorTest" time="0.001"/>
  <testcase name="numbersEqualsArray" classname="w07_junit.CalculatorTest" time="0.009"/>
  <testcase name="appNameIsNotNull" classname="w07_junit.CalculatorTest" time="0.001"/>
  <testcase name="appObjectIsNotCalculatorObject" classname="w07_junit.CalculatorTest" time="0.001"/>
  <testcase name="appContactIsNull" classname="w07_junit.CalculatorTest" time="0.001"/>
  <testcase name="appNameIsNotEqualToCalculatorName" classname="w07_junit.CalculatorTest" time="0.0"/>
  <testcase name="nameIsMihkel" classname="w07_junit.CalculatorTest" time="0.016"/>
  <testcase name="appNameisSame" classname="w07_junit.CalculatorTest" time="0.001"/>
  <testcase name="oneEqualsTwo" classname="w07_junit.CalculatorTest" time="0.001"/>
  <system-out><![CDATA[]]></system-out>
  <system-err><![CDATA[]]></system-err>
</testsuite>
